# JRE version: OpenJDK Runtime Environment Temurin-21.0.9+10 (21.0.9+10) (build 21.0.9+10-LTS)
# Java VM: OpenJDK 64-Bit Server VM Temurin-21.0.9+10 (21.0.9+10-LTS, mixed mode, sharing, tiered, compressed oops, compressed class ptrs, parallel gc, windows-amd64)
GC Precious Log:
 CardTable entry size: 512
 CPUs: 4 total, 4 available
 Memory: 7932M
 Large Page Support: Disabled
 NUMA Support: Disabled
 Compressed Oops: Enabled (32-bit)
 Alignments: Space 512K, Generation 512K, Heap 2M
 Heap Min Capacity: 100M
 Heap Initial Capacity: 100M
 Heap Max Capacity: 2G
 Pre-touch: Disabled
 Parallel Workers: 4
Heap:
 PSYoungGen      total 10752K, used 10269K [0x00000000d5580000, 0x00000000d6100000, 0x0000000100000000)
  eden space 10240K, 98% used [0x00000000d5580000,0x00000000d5f57680,0x00000000d5f80000)
  from space 512K, 37% used [0x00000000d6080000,0x00000000d60b0000,0x00000000d6100000)
  to   space 512K, 0% used [0x00000000d6000000,0x00000000d6000000,0x00000000d6080000)
 ParOldGen       total 562176K, used 562172K [0x0000000080000000, 0x00000000a2500000, 0x00000000d5580000)
  object space 562176K, 99% used [0x0000000080000000,0x00000000a24ff120,0x00000000a2500000)
 Metaspace       used 83734K, committed 85440K, reserved 1179648K
  class space    used 8274K, committed 9152K, reserved 1048576K
GC Heap History (20 events):
Event: 30130.395 GC heap before
{Heap before GC invocations=2112 (full 5):
 PSYoungGen      total 10752K, used 10368K [0x00000000d5580000, 0x00000000d6100000, 0x0000000100000000)
  eden space 10240K, 100% used [0x00000000d5580000,0x00000000d5f80000,0x00000000d5f80000)
  from space 512K, 25% used [0x00000000d6080000,0x00000000d60a0000,0x00000000d6100000)
  to   space 512K, 0% used [0x00000000d6000000,0x00000000d6000000,0x00000000d6080000)
 ParOldGen       total 561664K, used 561602K [0x0000000080000000, 0x00000000a2480000, 0x00000000d5580000)
  object space 561664K, 99% used [0x0000000080000000,0x00000000a2470b20,0x00000000a2480000)
 Metaspace       used 83708K, committed 85376K, reserved 1179648K
  class space    used 8274K, committed 9152K, reserved 1048576K
}
Event: 30130.397 GC heap after
{Heap after GC invocations=2112 (full 5):
 PSYoungGen      total 10752K, used 128K [0x00000000d5580000, 0x00000000d6100000, 0x0000000100000000)
  eden space 10240K, 0% used [0x00000000d5580000,0x00000000d5580000,0x00000000d5f80000)
  from space 512K, 25% used [0x00000000d6000000,0x00000000d6020000,0x00000000d6080000)
  to   space 512K, 0% used [0x00000000d6080000,0x00000000d6080000,0x00000000d6100000)
 ParOldGen       total 561664K, used 561610K [0x0000000080000000, 0x00000000a2480000, 0x00000000d5580000)
  object space 561664K, 99% used [0x0000000080000000,0x00000000a2472b20,0x00000000a2480000)
 Metaspace       used 83708K, committed 85376K, reserved 1179648K
  class space    used 8274K, committed 9152K, reserved 1048576K
}
Event: 30131.544 GC heap before
{Heap before GC invocations=2113 (full 5):
 PSYoungGen      total 10752K, used 10368K [0x00000000d5580000, 0x00000000d6100000, 0x0000000100000000)
  eden space 10240K, 100% used [0x00000000d5580000,0x00000000d5f80000,0x00000000d5f80000)
  from space 512K, 25% used [0x00000000d6000000,0x00000000d6020000,0x00000000d6080000)
  to   space 512K, 0% used [0x00000000d6080000,0x00000000d6080000,0x00000000d6100000)
 ParOldGen       total 561664K, used 561610K [0x0000000080000000, 0x00000000a2480000, 0x00000000d5580000)
  object space 561664K, 99% used [0x0000000080000000,0x00000000a2472b20,0x00000000a2480000)
 Metaspace       used 83708K, committed 85376K, reserved 1179648K
  class space    used 8274K, committed 9152K, reserved 1048576K
}
Event: 30131.547 GC heap after
{Heap after GC invocations=2113 (full 5):
 PSYoungGen      total 10752K, used 96K [0x00000000d5580000, 0x00000000d6100000, 0x0000000100000000)
  eden space 10240K, 0% used [0x00000000d5580000,0x00000000d5580000,0x00000000d5f80000)
  from space 512K, 18% used [0x00000000d6080000,0x00000000d6098000,0x00000000d6100000)
  to   space 512K, 0% used [0x00000000d6000000,0x00000000d6000000,0x00000000d6080000)
 ParOldGen       total 561664K, used 561610K [0x0000000080000000, 0x00000000a2480000, 0x00000000d5580000)
  object space 561664K, 99% used [0x0000000080000000,0x00000000a2472b20,0x00000000a2480000)
 Metaspace       used 83708K, committed 85376K, reserved 1179648K
  class space    used 8274K, committed 9152K, reserved 1048576K
}
Event: 30132.743 GC heap before
{Heap before GC invocations=2114 (full 5):
 PSYoungGen      total 10752K, used 10336K [0x00000000d5580000, 0x00000000d6100000, 0x0000000100000000)
  eden space 10240K, 100% used [0x00000000d5580000,0x00000000d5f80000,0x00000000d5f80000)
  from space 512K, 18% used [0x00000000d6080000,0x00000000d6098000,0x00000000d6100000)
  to   space 512K, 0% used [0x00000000d6000000,0x00000000d6000000,0x00000000d6080000)
 ParOldGen       total 561664K, used 561610K [0x0000000080000000, 0x00000000a2480000, 0x00000000d5580000)
  object space 561664K, 99% used [0x0000000080000000,0x00000000a2472b20,0x00000000a2480000)
 Metaspace       used 83708K, committed 85376K, reserved 1179648K
  class space    used 8274K, committed 9152K, reserved 1048576K
}
Event: 30132.745 GC heap after
{Heap after GC invocations=2114 (full 5):
 PSYoungGen      total 10752K, used 96K [0x00000000d5580000, 0x00000000d6100000, 0x0000000100000000)
  eden space 10240K, 0% used [0x00000000d5580000,0x00000000d5580000,0x00000000d5f80000)
  from space 512K, 18% used [0x00000000d6000000,0x00000000d6018000,0x00000000d6080000)
  to   space 512K, 0% used [0x00000000d6080000,0x00000000d6080000,0x00000000d6100000)
 ParOldGen       total 561664K, used 561610K [0x0000000080000000, 0x00000000a2480000, 0x00000000d5580000)
  object space 561664K, 99% used [0x0000000080000000,0x00000000a2472b20,0x00000000a2480000)
 Metaspace       used 83708K, committed 85376K, reserved 1179648K
  class space    used 8274K, committed 9152K, reserved 1048576K
}
Event: 30135.642 GC heap before
{Heap before GC invocations=2115 (full 5):
 PSYoungGen      total 10752K, used 10336K [0x00000000d5580000, 0x00000000d6100000, 0x0000000100000000)
  eden space 10240K, 100% used [0x00000000d5580000,0x00000000d5f80000,0x00000000d5f80000)
  from space 512K, 18% used [0x00000000d6000000,0x00000000d6018000,0x00000000d6080000)
  to   space 512K, 0% used [0x00000000d6080000,0x00000000d6080000,0x00000000d6100000)
 ParOldGen       total 561664K, used 561610K [0x0000000080000000, 0x00000000a2480000, 0x00000000d5580000)
  object space 561664K, 99% used [0x0000000080000000,0x00000000a2472b20,0x00000000a2480000)
 Metaspace       used 83708K, committed 85376K, reserved 1179648K
  class space    used 8274K, committed 9152K, reserved 1048576K
}
Event: 30135.643 GC heap after
{Heap after GC invocations=2115 (full 5):
 PSYoungGen      total 10752K, used 128K [0x00000000d5580000, 0x00000000d6100000, 0x0000000100000000)
  eden space 10240K, 0% used [0x00000000d5580000,0x00000000d5580000,0x00000000d5f80000)
  from space 512K, 25% used [0x00000000d6080000,0x00000000d60a0000,0x00000000d6100000)
  to   space 512K, 0% used [0x00000000d6000000,0x00000000d6000000,0x00000000d6080000)
 ParOldGen       total 561664K, used 561626K [0x0000000080000000, 0x00000000a2480000, 0x00000000d5580000)
  object space 561664K, 99% used [0x0000000080000000,0x00000000a2476b20,0x00000000a2480000)
 Metaspace       used 83708K, committed 85376K, reserved 1179648K
  class space    used 8274K, committed 9152K, reserved 1048576K
}
Event: 30136.376 GC heap before
{Heap before GC invocations=2116 (full 5):
 PSYoungGen      total 10752K, used 10368K [0x00000000d5580000, 0x00000000d6100000, 0x0000000100000000)
  eden space 10240K, 100% used [0x00000000d5580000,0x00000000d5f80000,0x00000000d5f80000)
  from space 512K, 25% used [0x00000000d6080000,0x00000000d60a0000,0x00000000d6100000)
  to   space 512K, 0% used [0x00000000d6000000,0x00000000d6000000,0x00000000d6080000)
 ParOldGen       total 561664K, used 561626K [0x0000000080000000, 0x00000000a2480000, 0x00000000d5580000)
  object space 561664K, 99% used [0x0000000080000000,0x00000000a2476b20,0x00000000a2480000)
 Metaspace       used 83708K, committed 85376K, reserved 1179648K
  class space    used 8274K, committed 9152K, reserved 1048576K
}
Event: 30136.378 GC heap after
{Heap after GC invocations=2116 (full 5):
 PSYoungGen      total 10752K, used 96K [0x00000000d5580000, 0x00000000d6100000, 0x0000000100000000)
  eden space 10240K, 0% used [0x00000000d5580000,0x00000000d5580000,0x00000000d5f80000)
  from space 512K, 18% used [0x00000000d6000000,0x00000000d6018000,0x00000000d6080000)
  to   space 512K, 0% used [0x00000000d6080000,0x00000000d6080000,0x00000000d6100000)
 ParOldGen       total 561664K, used 561634K [0x0000000080000000, 0x00000000a2480000, 0x00000000d5580000)
  object space 561664K, 99% used [0x0000000080000000,0x00000000a2478b20,0x00000000a2480000)
 Metaspace       used 83708K, committed 85376K, reserved 1179648K
  class space    used 8274K, committed 9152K, reserved 1048576K
}
Event: 30137.892 GC heap before
{Heap before GC invocations=2117 (full 5):
 PSYoungGen      total 10752K, used 10336K [0x00000000d5580000, 0x00000000d6100000, 0x0000000100000000)
  eden space 10240K, 100% used [0x00000000d5580000,0x00000000d5f80000,0x00000000d5f80000)
  from space 512K, 18% used [0x00000000d6000000,0x00000000d6018000,0x00000000d6080000)
  to   space 512K, 0% used [0x00000000d6080000,0x00000000d6080000,0x00000000d6100000)
 ParOldGen       total 561664K, used 561634K [0x0000000080000000, 0x00000000a2480000, 0x00000000d5580000)
  object space 561664K, 99% used [0x0000000080000000,0x00000000a2478b20,0x00000000a2480000)
 Metaspace       used 83708K, committed 85376K, reserved 1179648K
  class space    used 8274K, committed 9152K, reserved 1048576K
}
Event: 30137.894 GC heap after
{Heap after GC invocations=2117 (full 5):
 PSYoungGen      total 10752K, used 96K [0x00000000d5580000, 0x00000000d6100000, 0x0000000100000000)
  eden space 10240K, 0% used [0x00000000d5580000,0x00000000d5580000,0x00000000d5f80000)
  from space 512K, 18% used [0x00000000d6080000,0x00000000d6098000,0x00000000d6100000)
  to   space 512K, 0% used [0x00000000d6000000,0x00000000d6000000,0x00000000d6080000)
 ParOldGen       total 561664K, used 561634K [0x0000000080000000, 0x00000000a2480000, 0x00000000d5580000)
  object space 561664K, 99% used [0x0000000080000000,0x00000000a2478b20,0x00000000a2480000)
 Metaspace       used 83708K, committed 85376K, reserved 1179648K
  class space    used 8274K, committed 9152K, reserved 1048576K
}
Event: 30184.287 GC heap before
{Heap before GC invocations=2118 (full 5):
 PSYoungGen      total 10752K, used 10336K [0x00000000d5580000, 0x00000000d6100000, 0x0000000100000000)
  eden space 10240K, 100% used [0x00000000d5580000,0x00000000d5f80000,0x00000000d5f80000)
  from space 512K, 18% used [0x00000000d6080000,0x00000000d6098000,0x00000000d6100000)
  to   space 512K, 0% used [0x00000000d6000000,0x00000000d6000000,0x00000000d6080000)
 ParOldGen       total 561664K, used 561634K [0x0000000080000000, 0x00000000a2480000, 0x00000000d5580000)
  object space 561664K, 99% used [0x0000000080000000,0x00000000a2478b20,0x00000000a2480000)
 Metaspace       used 83712K, committed 85376K, reserved 1179648K
  class space    used 8274K, committed 9152K, reserved 1048576K
}
Event: 30184.292 GC heap after
{Heap after GC invocations=2118 (full 5):
 PSYoungGen      total 10752K, used 256K [0x00000000d5580000, 0x00000000d6100000, 0x0000000100000000)
  eden space 10240K, 0% used [0x00000000d5580000,0x00000000d5580000,0x00000000d5f80000)
  from space 512K, 50% used [0x00000000d6000000,0x00000000d6040000,0x00000000d6080000)
  to   space 512K, 0% used [0x00000000d6080000,0x00000000d6080000,0x00000000d6100000)
 ParOldGen       total 561664K, used 561634K [0x0000000080000000, 0x00000000a2480000, 0x00000000d5580000)
  object space 561664K, 99% used [0x0000000080000000,0x00000000a2478b20,0x00000000a2480000)
 Metaspace       used 83712K, committed 85376K, reserved 1179648K
  class space    used 8274K, committed 9152K, reserved 1048576K
}
Event: 30184.468 GC heap before
{Heap before GC invocations=2119 (full 5):
 PSYoungGen      total 10752K, used 10496K [0x00000000d5580000, 0x00000000d6100000, 0x0000000100000000)
  eden space 10240K, 100% used [0x00000000d5580000,0x00000000d5f80000,0x00000000d5f80000)
  from space 512K, 50% used [0x00000000d6000000,0x00000000d6040000,0x00000000d6080000)
  to   space 512K, 0% used [0x00000000d6080000,0x00000000d6080000,0x00000000d6100000)
 ParOldGen       total 561664K, used 561634K [0x0000000080000000, 0x00000000a2480000, 0x00000000d5580000)
  object space 561664K, 99% used [0x0000000080000000,0x00000000a2478b20,0x00000000a2480000)
 Metaspace       used 83722K, committed 85440K, reserved 1179648K
  class space    used 8274K, committed 9152K, reserved 1048576K
}
Event: 30184.470 GC heap after
{Heap after GC invocations=2119 (full 5):
 PSYoungGen      total 10752K, used 160K [0x00000000d5580000, 0x00000000d6100000, 0x0000000100000000)
  eden space 10240K, 0% used [0x00000000d5580000,0x00000000d5580000,0x00000000d5f80000)
  from space 512K, 31% used [0x00000000d6080000,0x00000000d60a8000,0x00000000d6100000)
  to   space 512K, 0% used [0x00000000d6000000,0x00000000d6000000,0x00000000d6080000)
 ParOldGen       total 562176K, used 561666K [0x0000000080000000, 0x00000000a2500000, 0x00000000d5580000)
  object space 562176K, 99% used [0x0000000080000000,0x00000000a2480b20,0x00000000a2500000)
 Metaspace       used 83722K, committed 85440K, reserved 1179648K
  class space    used 8274K, committed 9152K, reserved 1048576K
}
Event: 30204.697 GC heap before
{Heap before GC invocations=2120 (full 5):
 PSYoungGen      total 10752K, used 10400K [0x00000000d5580000, 0x00000000d6100000, 0x0000000100000000)
  eden space 10240K, 100% used [0x00000000d5580000,0x00000000d5f80000,0x00000000d5f80000)
  from space 512K, 31% used [0x00000000d6080000,0x00000000d60a8000,0x00000000d6100000)
  to   space 512K, 0% used [0x00000000d6000000,0x00000000d6000000,0x00000000d6080000)
 ParOldGen       total 562176K, used 561666K [0x0000000080000000, 0x00000000a2500000, 0x00000000d5580000)
  object space 562176K, 99% used [0x0000000080000000,0x00000000a2480b20,0x00000000a2500000)
 Metaspace       used 83733K, committed 85440K, reserved 1179648K
  class space    used 8274K, committed 9152K, reserved 1048576K
}
Event: 30204.699 GC heap after
{Heap after GC invocations=2120 (full 5):
 PSYoungGen      total 10752K, used 497K [0x00000000d5580000, 0x00000000d6180000, 0x0000000100000000)
  eden space 10240K, 0% used [0x00000000d5580000,0x00000000d5580000,0x00000000d5f80000)
  from space 512K, 97% used [0x00000000d6000000,0x00000000d607c5e0,0x00000000d6080000)
  to   space 1024K, 0% used [0x00000000d6080000,0x00000000d6080000,0x00000000d6180000)
 ParOldGen       total 562176K, used 561690K [0x0000000080000000, 0x00000000a2500000, 0x00000000d5580000)
  object space 562176K, 99% used [0x0000000080000000,0x00000000a2486b20,0x00000000a2500000)
 Metaspace       used 83733K, committed 85440K, reserved 1179648K
  class space    used 8274K, committed 9152K, reserved 1048576K
}
Event: 30207.702 GC heap before
{Heap before GC invocations=2121 (full 5):
 PSYoungGen      total 10752K, used 10737K [0x00000000d5580000, 0x00000000d6180000, 0x0000000100000000)
  eden space 10240K, 100% used [0x00000000d5580000,0x00000000d5f80000,0x00000000d5f80000)
  from space 512K, 97% used [0x00000000d6000000,0x00000000d607c5e0,0x00000000d6080000)
  to   space 1024K, 0% used [0x00000000d6080000,0x00000000d6080000,0x00000000d6180000)
 ParOldGen       total 562176K, used 561690K [0x0000000080000000, 0x00000000a2500000, 0x00000000d5580000)
  object space 562176K, 99% used [0x0000000080000000,0x00000000a2486b20,0x00000000a2500000)
 Metaspace       used 83733K, committed 85440K, reserved 1179648K
  class space    used 8274K, committed 9152K, reserved 1048576K
}
Event: 30207.703 GC heap after
{Heap after GC invocations=2121 (full 5):
 PSYoungGen      total 10752K, used 192K [0x00000000d5580000, 0x00000000d6100000, 0x0000000100000000)
  eden space 10240K, 0% used [0x00000000d5580000,0x00000000d5580000,0x00000000d5f80000)
  from space 512K, 37% used [0x00000000d6080000,0x00000000d60b0000,0x00000000d6100000)
  to   space 512K, 0% used [0x00000000d6000000,0x00000000d6000000,0x00000000d6080000)
 ParOldGen       total 562176K, used 562172K [0x0000000080000000, 0x00000000a2500000, 0x00000000d5580000)
  object space 562176K, 99% used [0x0000000080000000,0x00000000a24ff120,0x00000000a2500000)
 Metaspace       used 83733K, committed 85440K, reserved 1179648K
  class space    used 8274K, committed 9152K, reserved 1048576K
}

